19:32:53:506 [ALWAYS]	GUDE Logging Started
19:32:53:506 [INFO]	SqliteResumeCache::SqliteResumeCache basedirectory is null/empty
19:32:53:506 [ERROR]	SqliteResumeCache::CreateSqliteResumeCache creating resume cache pointer failure
19:32:53:506 [ERROR]	Initialize resume cache pointer failure
19:32:53:506 [INFO]	gude policy POLICY_USER limit (2,2,1) chunk 2097152, chunking (UL 0 DL 1), resXfer 1, adapt 0, NSURL 0, timeout 86400 
19:32:53:506 [INFO]	Initialized -- gude-lib version: v0.12.1 app: gude
19:32:54:435 [WARN]	Ignoring attempt to reinit logging to \gude at level 4 retaining 3 days of logs
19:32:54:435 [INFO]	SqliteResumeCache::SqliteResumeCache basedirectory is null/empty
19:32:54:435 [ERROR]	SqliteResumeCache::CreateSqliteResumeCache creating resume cache pointer failure
19:32:54:438 [ERROR]	Initialize resume cache pointer failure
19:32:54:438 [INFO]	gude policy POLICY_USER limit (4,4,1) chunk 2097152, chunking (UL 0 DL 1), resXfer 1, adapt 0, NSURL 1, timeout 86400 
19:32:54:438 [INFO]	Initialized -- gude-lib version: v0.12.1 app: gude
19:37:08:005 [ALWAYS]	GUDE Logging Started
19:37:08:005 [INFO]	SqliteResumeCache::SqliteResumeCache basedirectory is null/empty
19:37:08:005 [ERROR]	SqliteResumeCache::CreateSqliteResumeCache creating resume cache pointer failure
19:37:08:005 [ERROR]	Initialize resume cache pointer failure
19:37:08:005 [INFO]	gude policy POLICY_USER limit (2,2,1) chunk 2097152, chunking (UL 0 DL 1), resXfer 1, adapt 0, NSURL 0, timeout 86400 
19:37:08:005 [INFO]	Initialized -- gude-lib version: v0.12.1 app: gude
19:37:08:995 [WARN]	Ignoring attempt to reinit logging to \gude at level 4 retaining 3 days of logs
19:37:08:995 [INFO]	SqliteResumeCache::SqliteResumeCache basedirectory is null/empty
19:37:08:995 [ERROR]	SqliteResumeCache::CreateSqliteResumeCache creating resume cache pointer failure
19:37:08:995 [ERROR]	Initialize resume cache pointer failure
19:37:08:995 [INFO]	gude policy POLICY_USER limit (4,4,1) chunk 2097152, chunking (UL 0 DL 1), resXfer 1, adapt 0, NSURL 1, timeout 86400 
19:37:08:995 [INFO]	Initialized -- gude-lib version: v0.12.1 app: gude
